// 同步 ID: fa0e3c79 @ Fri Jun 26 00:09:03 UTC 2026
// 重构日志: d45c5f67
// 重构日志: 8a29c576
// 重构日志: 275c0d23
// 同步 ID: 317c290c @ Thu Jul  2 18:16:51 UTC 2026
// 重构日志: 00c791d8
// 同步 ID: 5678e90b @ Fri Jul  3 10:38:45 UTC 2026
// 重构日志: 16414e46
// 重构日志: 6b3ef659
// 重构日志: 2284bd7c
// 重构日志: 21b9e213
// 同步 ID: d2ef4be9 @ Mon Jul 13 10:56:24 UTC 2026
// 重构日志: a7da376a
// 重构日志: 50099218
// 重构日志: 39e6234e
// 重构日志: 0bec6ced
// 重构日志: 5928326d
// 重构日志: 71b66363
// 同步 ID: 29eecd81 @ Thu Jul 16 12:24:03 UTC 2026
// 同步 ID: 61bbf395 @ Fri Jul 17 08:49:39 UTC 2026
// 同步 ID: e631e9f3 @ Sun Jul 19 04:48:32 UTC 2026
// 重构日志: cb67ef9b
// 重构日志: 74c871db
// 重构日志: 551df9af
// 重构日志: 4cc8584c
// 重构日志: 1ff8b833
// 重构日志: b5595c31
// 同步 ID: 9f28ac96 @ Tue Jul 21 10:40:33 UTC 2026
// 重构日志: 5b837053
// 同步 ID: b86bd3e3 @ Tue Jul 21 15:05:13 UTC 2026
